-------------------------------------------------------------------------------
Test set: com.udacity.webcrawler.ParallelWebCrawlerTest
-------------------------------------------------------------------------------
Tests run: 1, Failures: 0, Errors: 1, Skipped: 0, Time elapsed: 0.017 s <<< FAILURE! - in com.udacity.webcrawler.ParallelWebCrawlerTest
com.udacity.webcrawler.ParallelWebCrawlerTest.testMaxParallelism  Time elapsed: 0.014 s  <<< ERROR!
com.google.common.util.concurrent.UncheckedExecutionException: java.lang.IllegalStateException: Unable to load cache item
	at com.google.common.cache.LocalCache$Segment.get(LocalCache.java:2051)
	at com.google.common.cache.LocalCache.get(LocalCache.java:3953)
	at com.google.common.cache.LocalCache.getOrLoad(LocalCache.java:3976)
	at com.google.common.cache.LocalCache$LocalLoadingCache.get(LocalCache.java:4960)
	at com.google.common.cache.LocalCache$LocalLoadingCache.getUnchecked(LocalCache.java:4966)
	at com.google.inject.internal.FailableCache.get(FailableCache.java:54)
	at com.google.inject.internal.ConstructorInjectorStore.get(ConstructorInjectorStore.java:49)
	at com.google.inject.internal.ConstructorBindingImpl.initialize(ConstructorBindingImpl.java:155)
	at com.google.inject.internal.InjectorImpl.initializeJitBinding(InjectorImpl.java:606)
	at com.google.inject.internal.InjectorImpl.createJustInTimeBinding(InjectorImpl.java:943)
	at com.google.inject.internal.InjectorImpl.createJustInTimeBindingRecursive(InjectorImpl.java:863)
	at com.google.inject.internal.InjectorImpl.getJustInTimeBinding(InjectorImpl.java:300)
	at com.google.inject.internal.InjectorImpl.getBindingOrThrow(InjectorImpl.java:231)
	at com.google.inject.internal.InjectorImpl.getInternalFactory(InjectorImpl.java:949)
	at com.google.inject.internal.FactoryProxy.notify(FactoryProxy.java:48)
	at com.google.inject.internal.ProcessedBindingData.runCreationListeners(ProcessedBindingData.java:60)
	at com.google.inject.internal.InternalInjectorCreator.initializeStatically(InternalInjectorCreator.java:135)
	at com.google.inject.internal.InternalInjectorCreator.build(InternalInjectorCreator.java:108)
	at com.google.inject.Guice.createInjector(Guice.java:87)
	at com.google.inject.Guice.createInjector(Guice.java:69)
	at com.google.inject.Guice.createInjector(Guice.java:59)
	at com.udacity.webcrawler.ParallelWebCrawlerTest.testMaxParallelism(ParallelWebCrawlerTest.java:18)
	at java.base/jdk.internal.reflect.DirectMethodHandleAccessor.invoke(DirectMethodHandleAccessor.java:104)
	at java.base/java.lang.reflect.Method.invoke(Method.java:577)
	at org.junit.platform.commons.util.ReflectionUtils.invokeMethod(ReflectionUtils.java:686)
	at org.junit.jupiter.engine.execution.MethodInvocation.proceed(MethodInvocation.java:60)
	at org.junit.jupiter.engine.execution.InvocationInterceptorChain$ValidatingInvocation.proceed(InvocationInterceptorChain.java:131)
	at org.junit.jupiter.engine.extension.TimeoutExtension.intercept(TimeoutExtension.java:149)
	at org.junit.jupiter.engine.extension.TimeoutExtension.interceptTestableMethod(TimeoutExtension.java:140)
	at org.junit.jupiter.engine.extension.TimeoutExtension.interceptTestMethod(TimeoutExtension.java:84)
	at org.junit.jupiter.engine.execution.ExecutableInvoker$ReflectiveInterceptorCall.lambda$ofVoidMethod$0(ExecutableInvoker.java:115)
	at org.junit.jupiter.engine.execution.ExecutableInvoker.lambda$invoke$0(ExecutableInvoker.java:105)
	at org.junit.jupiter.engine.execution.InvocationInterceptorChain$InterceptedInvocation.proceed(InvocationInterceptorChain.java:106)
	at org.junit.jupiter.engine.execution.InvocationInterceptorChain.proceed(InvocationInterceptorChain.java:64)
	at org.junit.jupiter.engine.execution.InvocationInterceptorChain.chainAndInvoke(InvocationInterceptorChain.java:45)
	at org.junit.jupiter.engine.execution.InvocationInterceptorChain.invoke(InvocationInterceptorChain.java:37)
	at org.junit.jupiter.engine.execution.ExecutableInvoker.invoke(ExecutableInvoker.java:104)
	at org.junit.jupiter.engine.execution.ExecutableInvoker.invoke(ExecutableInvoker.java:98)
	at org.junit.jupiter.engine.descriptor.TestMethodTestDescriptor.lambda$invokeTestMethod$6(TestMethodTestDescriptor.java:212)
	at org.junit.platform.engine.support.hierarchical.ThrowableCollector.execute(ThrowableCollector.java:73)
	at org.junit.jupiter.engine.descriptor.TestMethodTestDescriptor.invokeTestMethod(TestMethodTestDescriptor.java:208)
	at org.junit.jupiter.engine.descriptor.TestMethodTestDescriptor.execute(TestMethodTestDescriptor.java:137)
	at org.junit.jupiter.engine.descriptor.TestMethodTestDescriptor.execute(TestMethodTestDescriptor.java:71)
	at org.junit.platform.engine.support.hierarchical.NodeTestTask.lambda$executeRecursively$5(NodeTestTask.java:135)
	at org.junit.platform.engine.support.hierarchical.ThrowableCollector.execute(ThrowableCollector.java:73)
	at org.junit.platform.engine.support.hierarchical.NodeTestTask.lambda$executeRecursively$7(NodeTestTask.java:125)
	at org.junit.platform.engine.support.hierarchical.Node.around(Node.java:135)
	at org.junit.platform.engine.support.hierarchical.NodeTestTask.lambda$executeRecursively$8(NodeTestTask.java:123)
	at org.junit.platform.engine.support.hierarchical.ThrowableCollector.execute(ThrowableCollector.java:73)
	at org.junit.platform.engine.support.hierarchical.NodeTestTask.executeRecursively(NodeTestTask.java:122)
	at org.junit.platform.engine.support.hierarchical.NodeTestTask.execute(NodeTestTask.java:80)
	at java.base/java.util.ArrayList.forEach(ArrayList.java:1511)
	at org.junit.platform.engine.support.hierarchical.SameThreadHierarchicalTestExecutorService.invokeAll(SameThreadHierarchicalTestExecutorService.java:38)
	at org.junit.platform.engine.support.hierarchical.NodeTestTask.lambda$executeRecursively$5(NodeTestTask.java:139)
	at org.junit.platform.engine.support.hierarchical.ThrowableCollector.execute(ThrowableCollector.java:73)
	at org.junit.platform.engine.support.hierarchical.NodeTestTask.lambda$executeRecursively$7(NodeTestTask.java:125)
	at org.junit.platform.engine.support.hierarchical.Node.around(Node.java:135)
	at org.junit.platform.engine.support.hierarchical.NodeTestTask.lambda$executeRecursively$8(NodeTestTask.java:123)
	at org.junit.platform.engine.support.hierarchical.ThrowableCollector.execute(ThrowableCollector.java:73)
	at org.junit.platform.engine.support.hierarchical.NodeTestTask.executeRecursively(NodeTestTask.java:122)
	at org.junit.platform.engine.support.hierarchical.NodeTestTask.execute(NodeTestTask.java:80)
	at java.base/java.util.ArrayList.forEach(ArrayList.java:1511)
	at org.junit.platform.engine.support.hierarchical.SameThreadHierarchicalTestExecutorService.invokeAll(SameThreadHierarchicalTestExecutorService.java:38)
	at org.junit.platform.engine.support.hierarchical.NodeTestTask.lambda$executeRecursively$5(NodeTestTask.java:139)
	at org.junit.platform.engine.support.hierarchical.ThrowableCollector.execute(ThrowableCollector.java:73)
	at org.junit.platform.engine.support.hierarchical.NodeTestTask.lambda$executeRecursively$7(NodeTestTask.java:125)
	at org.junit.platform.engine.support.hierarchical.Node.around(Node.java:135)
	at org.junit.platform.engine.support.hierarchical.NodeTestTask.lambda$executeRecursively$8(NodeTestTask.java:123)
	at org.junit.platform.engine.support.hierarchical.ThrowableCollector.execute(ThrowableCollector.java:73)
	at org.junit.platform.engine.support.hierarchical.NodeTestTask.executeRecursively(NodeTestTask.java:122)
	at org.junit.platform.engine.support.hierarchical.NodeTestTask.execute(NodeTestTask.java:80)
	at org.junit.platform.engine.support.hierarchical.SameThreadHierarchicalTestExecutorService.submit(SameThreadHierarchicalTestExecutorService.java:32)
	at org.junit.platform.engine.support.hierarchical.HierarchicalTestExecutor.execute(HierarchicalTestExecutor.java:57)
	at org.junit.platform.engine.support.hierarchical.HierarchicalTestEngine.execute(HierarchicalTestEngine.java:51)
	at org.junit.platform.launcher.core.DefaultLauncher.execute(DefaultLauncher.java:220)
	at org.junit.platform.launcher.core.DefaultLauncher.lambda$execute$6(DefaultLauncher.java:188)
	at org.junit.platform.launcher.core.DefaultLauncher.withInterceptedStreams(DefaultLauncher.java:202)
	at org.junit.platform.launcher.core.DefaultLauncher.execute(DefaultLauncher.java:181)
	at org.junit.platform.launcher.core.DefaultLauncher.execute(DefaultLauncher.java:128)
	at org.apache.maven.surefire.junitplatform.JUnitPlatformProvider.execute(JUnitPlatformProvider.java:188)
	at org.apache.maven.surefire.junitplatform.JUnitPlatformProvider.invokeAllTests(JUnitPlatformProvider.java:154)
	at org.apache.maven.surefire.junitplatform.JUnitPlatformProvider.invoke(JUnitPlatformProvider.java:128)
	at org.apache.maven.surefire.booter.ForkedBooter.runSuitesInProcess(ForkedBooter.java:428)
	at org.apache.maven.surefire.booter.ForkedBooter.execute(ForkedBooter.java:162)
	at org.apache.maven.surefire.booter.ForkedBooter.run(ForkedBooter.java:562)
	at org.apache.maven.surefire.booter.ForkedBooter.main(ForkedBooter.java:548)
Caused by: java.lang.IllegalStateException: Unable to load cache item
	at com.google.inject.internal.cglib.core.internal.$LoadingCache.createEntry(LoadingCache.java:79)
	at com.google.inject.internal.cglib.core.internal.$LoadingCache.get(LoadingCache.java:34)
	at com.google.inject.internal.cglib.core.$AbstractClassGenerator$ClassLoaderData.get(AbstractClassGenerator.java:119)
	at com.google.inject.internal.cglib.core.$AbstractClassGenerator.create(AbstractClassGenerator.java:294)
	at com.google.inject.internal.cglib.reflect.$FastClass$Generator.create(FastClass.java:65)
	at com.google.inject.internal.BytecodeGen.newFastClassForMember(BytecodeGen.java:258)
	at com.google.inject.internal.BytecodeGen.newFastClassForMember(BytecodeGen.java:207)
	at com.google.inject.internal.DefaultConstructionProxyFactory.create(DefaultConstructionProxyFactory.java:49)
	at com.google.inject.internal.ProxyFactory.create(ProxyFactory.java:156)
	at com.google.inject.internal.ConstructorInjectorStore.createConstructor(ConstructorInjectorStore.java:94)
	at com.google.inject.internal.ConstructorInjectorStore.access$000(ConstructorInjectorStore.java:30)
	at com.google.inject.internal.ConstructorInjectorStore$1.create(ConstructorInjectorStore.java:38)
	at com.google.inject.internal.ConstructorInjectorStore$1.create(ConstructorInjectorStore.java:34)
	at com.google.inject.internal.FailableCache$1.load(FailableCache.java:43)
	at com.google.common.cache.LocalCache$LoadingValueReference.loadFuture(LocalCache.java:3529)
	at com.google.common.cache.LocalCache$Segment.loadSync(LocalCache.java:2278)
	at com.google.common.cache.LocalCache$Segment.lockedGetOrLoad(LocalCache.java:2155)
	at com.google.common.cache.LocalCache$Segment.get(LocalCache.java:2045)
	... 85 more
Caused by: java.lang.NoClassDefFoundError: Could not initialize class com.google.inject.internal.cglib.core.$MethodWrapper
	at com.google.inject.internal.cglib.core.$DuplicatesPredicate.evaluate(DuplicatesPredicate.java:104)
	at com.google.inject.internal.cglib.core.$CollectionUtils.filter(CollectionUtils.java:52)
	at com.google.inject.internal.cglib.reflect.$FastClassEmitter.<init>(FastClassEmitter.java:69)
	at com.google.inject.internal.cglib.reflect.$FastClass$Generator.generateClass(FastClass.java:77)
	at com.google.inject.internal.cglib.core.$DefaultGeneratorStrategy.generate(DefaultGeneratorStrategy.java:25)
	at com.google.inject.internal.cglib.core.$AbstractClassGenerator.generate(AbstractClassGenerator.java:332)
	at com.google.inject.internal.cglib.core.$AbstractClassGenerator$ClassLoaderData$3.apply(AbstractClassGenerator.java:96)
	at com.google.inject.internal.cglib.core.$AbstractClassGenerator$ClassLoaderData$3.apply(AbstractClassGenerator.java:94)
	at com.google.inject.internal.cglib.core.internal.$LoadingCache$2.call(LoadingCache.java:54)
	at java.base/java.util.concurrent.FutureTask.run(FutureTask.java:264)
	at com.google.inject.internal.cglib.core.internal.$LoadingCache.createEntry(LoadingCache.java:61)
	at com.google.inject.internal.cglib.core.internal.$LoadingCache.get(LoadingCache.java:34)
	at com.google.inject.internal.cglib.core.$AbstractClassGenerator$ClassLoaderData.get(AbstractClassGenerator.java:119)
	at com.google.inject.internal.cglib.core.$AbstractClassGenerator.create(AbstractClassGenerator.java:294)
	at com.google.inject.internal.cglib.reflect.$FastClass$Generator.create(FastClass.java:65)
	at com.google.inject.internal.BytecodeGen.newFastClassForMember(BytecodeGen.java:258)
	at com.google.inject.internal.BytecodeGen.newFastClassForMember(BytecodeGen.java:207)
	at com.google.inject.internal.DefaultConstructionProxyFactory.create(DefaultConstructionProxyFactory.java:49)
	at com.google.inject.internal.ProxyFactory.create(ProxyFactory.java:156)
	at com.google.inject.internal.ConstructorInjectorStore.createConstructor(ConstructorInjectorStore.java:94)
	at com.google.inject.internal.ConstructorInjectorStore.access$000(ConstructorInjectorStore.java:30)
	at com.google.inject.internal.ConstructorInjectorStore$1.create(ConstructorInjectorStore.java:38)
	at com.google.inject.internal.ConstructorInjectorStore$1.create(ConstructorInjectorStore.java:34)
	at com.google.inject.internal.FailableCache$1.load(FailableCache.java:43)
	at com.google.common.cache.LocalCache$LoadingValueReference.loadFuture(LocalCache.java:3529)
	at com.google.common.cache.LocalCache$Segment.loadSync(LocalCache.java:2278)
	at com.google.common.cache.LocalCache$Segment.lockedGetOrLoad(LocalCache.java:2155)
	at com.google.common.cache.LocalCache$Segment.get(LocalCache.java:2045)
	at com.google.common.cache.LocalCache.get(LocalCache.java:3953)
	at com.google.common.cache.LocalCache.getOrLoad(LocalCache.java:3976)
	at com.google.common.cache.LocalCache$LocalLoadingCache.get(LocalCache.java:4960)
	at com.google.common.cache.LocalCache$LocalLoadingCache.getUnchecked(LocalCache.java:4966)
	at com.google.inject.internal.FailableCache.get(FailableCache.java:54)
	at com.google.inject.internal.ConstructorInjectorStore.get(ConstructorInjectorStore.java:49)
	at com.google.inject.internal.ConstructorBindingImpl.initialize(ConstructorBindingImpl.java:155)
	at com.google.inject.internal.InjectorImpl.initializeJitBinding(InjectorImpl.java:606)
	at com.google.inject.internal.InjectorImpl.createJustInTimeBinding(InjectorImpl.java:943)
	at com.google.inject.internal.InjectorImpl.createJustInTimeBindingRecursive(InjectorImpl.java:863)
	at com.google.inject.internal.InjectorImpl.getJustInTimeBinding(InjectorImpl.java:300)
	at com.google.inject.internal.InjectorImpl.getBindingOrThrow(InjectorImpl.java:231)
	at com.google.inject.internal.InjectorImpl.getInternalFactory(InjectorImpl.java:949)
	at com.google.inject.internal.FactoryProxy.notify(FactoryProxy.java:48)
	at com.google.inject.internal.ProcessedBindingData.runCreationListeners(ProcessedBindingData.java:60)
	at com.google.inject.internal.InternalInjectorCreator.initializeStatically(InternalInjectorCreator.java:135)
	at com.google.inject.internal.InternalInjectorCreator.build(InternalInjectorCreator.java:108)
	at com.google.inject.Guice.createInjector(Guice.java:87)
	at com.google.inject.Guice.createInjector(Guice.java:69)
	at com.google.inject.Guice.createInjector(Guice.java:59)
	at com.udacity.webcrawler.SequentialWebCrawlerTest.testMaxParallelism(SequentialWebCrawlerTest.java:18)
	... 64 more
Caused by: java.lang.ExceptionInInitializerError: Exception com.google.inject.internal.cglib.core.$CodeGenerationException: java.lang.reflect.InaccessibleObjectException-->Unable to make protected final java.lang.Class java.lang.ClassLoader.defineClass(java.lang.String,byte[],int,int,java.security.ProtectionDomain) throws java.lang.ClassFormatError accessible: module java.base does not "opens java.lang" to unnamed module @12efa456 [in thread "main"]
	at com.google.inject.internal.cglib.core.$ReflectUtils.defineClass(ReflectUtils.java:464)
	at com.google.inject.internal.cglib.core.$AbstractClassGenerator.generate(AbstractClassGenerator.java:339)
	at com.google.inject.internal.cglib.core.$AbstractClassGenerator$ClassLoaderData$3.apply(AbstractClassGenerator.java:96)
	at com.google.inject.internal.cglib.core.$AbstractClassGenerator$ClassLoaderData$3.apply(AbstractClassGenerator.java:94)
	at com.google.inject.internal.cglib.core.internal.$LoadingCache$2.call(LoadingCache.java:54)
	at java.base/java.util.concurrent.FutureTask.run(FutureTask.java:264)
	at com.google.inject.internal.cglib.core.internal.$LoadingCache.createEntry(LoadingCache.java:61)
	at com.google.inject.internal.cglib.core.internal.$LoadingCache.get(LoadingCache.java:34)
	at com.google.inject.internal.cglib.core.$AbstractClassGenerator$ClassLoaderData.get(AbstractClassGenerator.java:119)
	at com.google.inject.internal.cglib.core.$AbstractClassGenerator.create(AbstractClassGenerator.java:294)
	at com.google.inject.internal.cglib.core.$KeyFactory$Generator.create(KeyFactory.java:221)
	at com.google.inject.internal.cglib.core.$KeyFactory.create(KeyFactory.java:174)
	at com.google.inject.internal.cglib.core.$KeyFactory.create(KeyFactory.java:157)
	at com.google.inject.internal.cglib.core.$KeyFactory.create(KeyFactory.java:149)
	at com.google.inject.internal.cglib.core.$KeyFactory.create(KeyFactory.java:145)
	at com.google.inject.internal.cglib.core.$MethodWrapper.<clinit>(MethodWrapper.java:23)
	at com.google.inject.internal.cglib.core.$DuplicatesPredicate.evaluate(DuplicatesPredicate.java:104)
	at com.google.inject.internal.cglib.core.$CollectionUtils.filter(CollectionUtils.java:52)
	at com.google.inject.internal.cglib.reflect.$FastClassEmitter.<init>(FastClassEmitter.java:69)
	at com.google.inject.internal.cglib.reflect.$FastClass$Generator.generateClass(FastClass.java:77)
	at com.google.inject.internal.cglib.core.$DefaultGeneratorStrategy.generate(DefaultGeneratorStrategy.java:25)
	at com.google.inject.internal.cglib.core.$AbstractClassGenerator.generate(AbstractClassGenerator.java:332)
	at com.google.inject.internal.cglib.core.$AbstractClassGenerator$ClassLoaderData$3.apply(AbstractClassGenerator.java:96)
	at com.google.inject.internal.cglib.core.$AbstractClassGenerator$ClassLoaderData$3.apply(AbstractClassGenerator.java:94)
	at com.google.inject.internal.cglib.core.internal.$LoadingCache$2.call(LoadingCache.java:54)
	at java.base/java.util.concurrent.FutureTask.run(FutureTask.java:264)
	at com.google.inject.internal.cglib.core.internal.$LoadingCache.createEntry(LoadingCache.java:61)
	at com.google.inject.internal.cglib.core.internal.$LoadingCache.get(LoadingCache.java:34)
	at com.google.inject.internal.cglib.core.$AbstractClassGenerator$ClassLoaderData.get(AbstractClassGenerator.java:119)
	at com.google.inject.internal.cglib.core.$AbstractClassGenerator.create(AbstractClassGenerator.java:294)
	at com.google.inject.internal.cglib.reflect.$FastClass$Generator.create(FastClass.java:65)
	at com.google.inject.internal.BytecodeGen.newFastClassForMember(BytecodeGen.java:258)
	at com.google.inject.internal.BytecodeGen.newFastClassForMember(BytecodeGen.java:207)
	at com.google.inject.internal.ProviderMethod.create(ProviderMethod.java:69)
	at com.google.inject.internal.ProviderMethodsModule.createProviderMethod(ProviderMethodsModule.java:327)
	at com.google.inject.internal.ProviderMethodsModule.getProviderMethods(ProviderMethodsModule.java:135)
	at com.google.inject.internal.ProviderMethodsModule.configure(ProviderMethodsModule.java:105)
	at com.google.inject.spi.Elements$RecordingBinder.install(Elements.java:347)
	at com.google.inject.spi.Elements$RecordingBinder.install(Elements.java:356)
	at com.google.inject.spi.Elements.getElements(Elements.java:104)
	at com.google.inject.internal.InjectorShell$Builder.build(InjectorShell.java:137)
	at com.google.inject.internal.InternalInjectorCreator.build(InternalInjectorCreator.java:105)
	... 68 more

